<?xml version="1.0" encoding="UTF-8"?>
<!-- Generated by org.testng.reporters.JUnitXMLReporter -->
<testsuite ignored="0" hostname="LAPTOP-I2O1032U" failures="0" tests="4" name="Test" time="0.041" errors="0" timestamp="2025-11-14T10:25:22 IST">
  <testcase classname="pac1.CreateContactTest" name="createContactTest" time="0.005"/>
  <testcase classname="pac1.CreateContactTest" name="modifyContactTest" time="0.0"/>
  <testcase classname="pac2.CreateOrgTest" name="createOrgTest" time="0.001"/>
  <testcase classname="pac2.CreateOrgTest" name="modifyOrgTest" time="0.0"/>
</testsuite> <!-- Test -->
