<?xml version="1.0" encoding="UTF-8"?>
<testng-results ignored="0" total="4" passed="4" failed="0" skipped="0">
  <reporter-output>
  </reporter-output>
  <suite started-at="2025-11-14T10:25:22 IST" name="Suite" finished-at="2025-11-14T10:25:22 IST" duration-ms="41">
    <groups>
    </groups>
    <test started-at="2025-11-14T10:25:22 IST" name="Test" finished-at="2025-11-14T10:25:22 IST" duration-ms="41">
      <class name="pac1.CreateContactTest">
        <test-method signature="createContactTest()[pri:0, instance:pac1.CreateContactTest@6a192cfe]" started-at="2025-11-14T10:25:22 IST" name="createContactTest" finished-at="2025-11-14T10:25:22 IST" duration-ms="5" status="PASS">
          <reporter-output>
          </reporter-output>
        </test-method> <!-- createContactTest -->
        <test-method signature="modifyContactTest()[pri:0, instance:pac1.CreateContactTest@6a192cfe]" started-at="2025-11-14T10:25:22 IST" name="modifyContactTest" finished-at="2025-11-14T10:25:22 IST" duration-ms="0" status="PASS">
          <reporter-output>
          </reporter-output>
        </test-method> <!-- modifyContactTest -->
      </class> <!-- pac1.CreateContactTest -->
      <class name="pac2.CreateOrgTest">
        <test-method signature="createOrgTest()[pri:0, instance:pac2.CreateOrgTest@393671df]" started-at="2025-11-14T10:25:22 IST" name="createOrgTest" finished-at="2025-11-14T10:25:22 IST" duration-ms="1" status="PASS">
          <reporter-output>
          </reporter-output>
        </test-method> <!-- createOrgTest -->
        <test-method signature="modifyOrgTest()[pri:0, instance:pac2.CreateOrgTest@393671df]" started-at="2025-11-14T10:25:22 IST" name="modifyOrgTest" finished-at="2025-11-14T10:25:22 IST" duration-ms="0" status="PASS">
          <reporter-output>
          </reporter-output>
        </test-method> <!-- modifyOrgTest -->
      </class> <!-- pac2.CreateOrgTest -->
    </test> <!-- Test -->
  </suite> <!-- Suite -->
</testng-results>
